# JRE version: Java(TM) SE Runtime Environment (8.0_161-b12) (build 1.8.0_161-b12)
# Java VM: Java HotSpot(TM) 64-Bit Server VM (25.161-b12 mixed mode linux-amd64 compressed oops)
Heap:
 def new generation   total 36352K, used 0K [0x0000000680000000, 0x0000000682770000, 0x00000006eaaa0000)
  eden space 32320K,   0% used [0x0000000680000000, 0x0000000680000000, 0x0000000681f90000)
  from space 4032K,   0% used [0x0000000681f90000, 0x0000000681f90000, 0x0000000682380000)
  to   space 4032K,   0% used [0x0000000682380000, 0x0000000682380000, 0x0000000682770000)
 tenured generation   total 97084K, used 87413K [0x00000006eaaa0000, 0x00000006f096f000, 0x00000007c0000000)
   the space 97084K,  90% used [0x00000006eaaa0000, 0x00000006efffd5f8, 0x00000006efffd600, 0x00000006f096f000)
 Metaspace       used 80835K, capacity 81772K, committed 82088K, reserved 1120256K
  class space    used 11894K, capacity 12120K, committed 12208K, reserved 1048576K
GC Heap History (10 events):
Event: 532.255 GC heap after
Heap after GC invocations=236 (full 5):
 def new generation   total 23680K, used 2549K [0x0000000680000000, 0x00000006819b0000, 0x00000006eaaa0000)
  eden space 21056K,   0% used [0x0000000680000000, 0x0000000680000000, 0x0000000681490000)
  from space 2624K,  97% used [0x0000000681720000, 0x000000068199d728, 0x00000006819b0000)
  to   space 2624K,   0% used [0x0000000681490000, 0x0000000681490000, 0x0000000681720000)
 tenured generation   total 52476K, used 44467K [0x00000006eaaa0000, 0x00000006edddf000, 0x00000007c0000000)
   the space 52476K,  84% used [0x00000006eaaa0000, 0x00000006ed60cd90, 0x00000006ed60ce00, 0x00000006edddf000)
 Metaspace       used 79643K, capacity 80606K, committed 80808K, reserved 1118208K
  class space    used 11697K, capacity 11923K, committed 11952K, reserved 1048576K
}
Event: 532.366 GC heap before
{Heap before GC invocations=236 (full 5):
 def new generation   total 23680K, used 20136K [0x0000000680000000, 0x00000006819b0000, 0x00000006eaaa0000)
  eden space 21056K,  83% used [0x0000000680000000, 0x000000068112c9b8, 0x0000000681490000)
  from space 2624K,  97% used [0x0000000681720000, 0x000000068199d728, 0x00000006819b0000)
  to   space 2624K,   0% used [0x0000000681490000, 0x0000000681490000, 0x0000000681720000)
 tenured generation   total 52476K, used 44467K [0x00000006eaaa0000, 0x00000006edddf000, 0x00000007c0000000)
   the space 52476K,  84% used [0x00000006eaaa0000, 0x00000006ed60cd90, 0x00000006ed60ce00, 0x00000006edddf000)
 Metaspace       used 79643K, capacity 80606K, committed 80808K, reserved 1118208K
  class space    used 11697K, capacity 11923K, committed 11952K, reserved 1048576K
Event: 532.482 GC heap after
Heap after GC invocations=237 (full 6):
 def new generation   total 36352K, used 0K [0x0000000680000000, 0x0000000682770000, 0x00000006eaaa0000)
  eden space 32320K,   0% used [0x0000000680000000, 0x0000000680000000, 0x0000000681f90000)
  from space 4032K,   0% used [0x0000000681f90000, 0x0000000681f90000, 0x0000000682380000)
  to   space 4032K,   0% used [0x0000000682380000, 0x0000000682380000, 0x0000000682770000)
 tenured generation   total 80696K, used 48416K [0x00000006eaaa0000, 0x00000006ef96e000, 0x00000007c0000000)
   the space 80696K,  59% used [0x00000006eaaa0000, 0x00000006ed9e83e8, 0x00000006ed9e8400, 0x00000006ef96e000)
 Metaspace       used 79632K, capacity 80588K, committed 80808K, reserved 1118208K
  class space    used 11695K, capacity 11920K, committed 11952K, reserved 1048576K
}
Event: 532.502 GC heap before
{Heap before GC invocations=237 (full 6):
 def new generation   total 36352K, used 26313K [0x0000000680000000, 0x0000000682770000, 0x00000006eaaa0000)
  eden space 32320K,  81% used [0x0000000680000000, 0x00000006819b25b8, 0x0000000681f90000)
  from space 4032K,   0% used [0x0000000681f90000, 0x0000000681f90000, 0x0000000682380000)
  to   space 4032K,   0% used [0x0000000682380000, 0x0000000682380000, 0x0000000682770000)
 tenured generation   total 80696K, used 48416K [0x00000006eaaa0000, 0x00000006ef96e000, 0x00000007c0000000)
   the space 80696K,  59% used [0x00000006eaaa0000, 0x00000006ed9e83e8, 0x00000006ed9e8400, 0x00000006ef96e000)
 Metaspace       used 79646K, capacity 80588K, committed 80808K, reserved 1118208K
  class space    used 11698K, capacity 11920K, committed 11952K, reserved 1048576K
Event: 532.520 GC heap after
Heap after GC invocations=238 (full 6):
 def new generation   total 36352K, used 18K [0x0000000680000000, 0x0000000682770000, 0x00000006eaaa0000)
  eden space 32320K,   0% used [0x0000000680000000, 0x0000000680000000, 0x0000000681f90000)
  from space 4032K,   0% used [0x0000000682380000, 0x00000006823849a8, 0x0000000682770000)
  to   space 4032K,   0% used [0x0000000681f90000, 0x0000000681f90000, 0x0000000682380000)
 tenured generation   total 80696K, used 69893K [0x00000006eaaa0000, 0x00000006ef96e000, 0x00000007c0000000)
   the space 80696K,  86% used [0x00000006eaaa0000, 0x00000006eeee1408, 0x00000006eeee1600, 0x00000006ef96e000)
 Metaspace       used 79646K, capacity 80588K, committed 80808K, reserved 1118208K
  class space    used 11698K, capacity 11920K, committed 11952K, reserved 1048576K
}
Event: 532.639 GC heap before
{Heap before GC invocations=238 (full 6):
 def new generation   total 36352K, used 32333K [0x0000000680000000, 0x0000000682770000, 0x00000006eaaa0000)
  eden space 32320K,  99% used [0x0000000680000000, 0x0000000681f8ee20, 0x0000000681f90000)
  from space 4032K,   0% used [0x0000000682380000, 0x00000006823849a8, 0x0000000682770000)
  to   space 4032K,   0% used [0x0000000681f90000, 0x0000000681f90000, 0x0000000682380000)
 tenured generation   total 80696K, used 69893K [0x00000006eaaa0000, 0x00000006ef96e000, 0x00000007c0000000)
   the space 80696K,  86% used [0x00000006eaaa0000, 0x00000006eeee1408, 0x00000006eeee1600, 0x00000006ef96e000)
 Metaspace       used 79871K, capacity 80824K, committed 81192K, reserved 1118208K
  class space    used 11735K, capacity 11954K, committed 12080K, reserved 1048576K
Event: 532.765 GC heap after
Heap after GC invocations=239 (full 7):
 def new generation   total 36352K, used 0K [0x0000000680000000, 0x0000000682770000, 0x00000006eaaa0000)
  eden space 32320K,   0% used [0x0000000680000000, 0x0000000680000000, 0x0000000681f90000)
  from space 4032K,   0% used [0x0000000681f90000, 0x0000000681f90000, 0x0000000682380000)
  to   space 4032K,   0% used [0x0000000682380000, 0x0000000682380000, 0x0000000682770000)
 tenured generation   total 80696K, used 46871K [0x00000006eaaa0000, 0x00000006ef96e000, 0x00000007c0000000)
   the space 80696K,  58% used [0x00000006eaaa0000, 0x00000006ed865c60, 0x00000006ed865e00, 0x00000006ef96e000)
 Metaspace       used 79871K, capacity 80824K, committed 81192K, reserved 1118208K
  class space    used 11735K, capacity 11954K, committed 12080K, reserved 1048576K
}
Event: 532.929 GC heap before
{Heap before GC invocations=239 (full 7):
 def new generation   total 36352K, used 28306K [0x0000000680000000, 0x0000000682770000, 0x00000006eaaa0000)
  eden space 32320K,  87% used [0x0000000680000000, 0x0000000681ba4960, 0x0000000681f90000)
  from space 4032K,   0% used [0x0000000681f90000, 0x0000000681f90000, 0x0000000682380000)
  to   space 4032K,   0% used [0x0000000682380000, 0x0000000682380000, 0x0000000682770000)
 tenured generation   total 80696K, used 46871K [0x00000006eaaa0000, 0x00000006ef96e000, 0x00000007c0000000)
   the space 80696K,  58% used [0x00000006eaaa0000, 0x00000006ed865c60, 0x00000006ed865e00, 0x00000006ef96e000)
 Metaspace       used 80697K, capacity 81594K, committed 81832K, reserved 1118208K
  class space    used 11878K, capacity 12083K, committed 12208K, reserved 1048576K
Event: 532.935 GC heap after
Heap after GC invocations=240 (full 7):
 def new generation   total 36352K, used 909K [0x0000000680000000, 0x0000000682770000, 0x00000006eaaa0000)
  eden space 32320K,   0% used [0x0000000680000000, 0x0000000680000000, 0x0000000681f90000)
  from space 4032K,  22% used [0x0000000682380000, 0x0000000682463580, 0x0000000682770000)
  to   space 4032K,   0% used [0x0000000681f90000, 0x0000000681f90000, 0x0000000682380000)
 tenured generation   total 80696K, used 63255K [0x00000006eaaa0000, 0x00000006ef96e000, 0x00000007c0000000)
   the space 80696K,  78% used [0x00000006eaaa0000, 0x00000006ee865c70, 0x00000006ee865e00, 0x00000006ef96e000)
 Metaspace       used 80697K, capacity 81594K, committed 81832K, reserved 1118208K
  class space    used 11878K, capacity 12083K, committed 12208K, reserved 1048576K
}
Event: 533.028 GC heap before
{Heap before GC invocations=240 (full 7):
 def new generation   total 36352K, used 29881K [0x0000000680000000, 0x0000000682770000, 0x00000006eaaa0000)
  eden space 32320K,  89% used [0x0000000680000000, 0x0000000681c4b080, 0x0000000681f90000)
  from space 4032K,  22% used [0x0000000682380000, 0x0000000682463580, 0x0000000682770000)
  to   space 4032K,   0% used [0x0000000681f90000, 0x0000000681f90000, 0x0000000682380000)
 tenured generation   total 80696K, used 63255K [0x00000006eaaa0000, 0x00000006ef96e000, 0x00000007c0000000)
   the space 80696K,  78% used [0x00000006eaaa0000, 0x00000006ee865c70, 0x00000006ee865e00, 0x00000006ef96e000)
 Metaspace       used 80835K, capacity 81772K, committed 82088K, reserved 1120256K
  class space    used 11894K, capacity 12120K, committed 12208K, reserved 1048576K

