# JRE version: Java(TM) SE Runtime Environment (8.0_161-b12) (build 1.8.0_161-b12)
# Java VM: Java HotSpot(TM) 64-Bit Server VM (25.161-b12 mixed mode linux-amd64 compressed oops)
Heap:
 def new generation   total 14144K, used 10470K [0x0000000680000000, 0x0000000680f50000, 0x00000006eaaa0000)
  eden space 12608K,  74% used [0x0000000680000000, 0x0000000680929098, 0x0000000680c50000)
  from space 1536K,  70% used [0x0000000680dd0000, 0x0000000680ee0788, 0x0000000680f50000)
  to   space 1536K,   0% used [0x0000000680c50000, 0x0000000680c50000, 0x0000000680dd0000)
 tenured generation   total 31308K, used 25535K [0x00000006eaaa0000, 0x00000006ec933000, 0x00000007c0000000)
   the space 31308K,  81% used [0x00000006eaaa0000, 0x00000006ec38fd20, 0x00000006ec38fe00, 0x00000006ec933000)
 Metaspace       used 73806K, capacity 74492K, committed 74664K, reserved 1112064K
  class space    used 10955K, capacity 11145K, committed 11184K, reserved 1048576K
GC Heap History (10 events):
Event: 67.330 GC heap before
{Heap before GC invocations=200 (full 4):
 def new generation   total 14144K, used 13590K [0x0000000680000000, 0x0000000680f50000, 0x00000006eaaa0000)
  eden space 12608K, 100% used [0x0000000680000000, 0x0000000680c50000, 0x0000000680c50000)
  from space 1536K,  63% used [0x0000000680c50000, 0x0000000680d45b88, 0x0000000680dd0000)
  to   space 1536K,   0% used [0x0000000680dd0000, 0x0000000680dd0000, 0x0000000680f50000)
 tenured generation   total 31308K, used 23341K [0x00000006eaaa0000, 0x00000006ec933000, 0x00000007c0000000)
   the space 31308K,  74% used [0x00000006eaaa0000, 0x00000006ec16b780, 0x00000006ec16b800, 0x00000006ec933000)
 Metaspace       used 72114K, capacity 72768K, committed 72872K, reserved 1112064K
  class space    used 10705K, capacity 10885K, committed 10928K, reserved 1048576K
Event: 67.338 GC heap after
Heap after GC invocations=201 (full 4):
 def new generation   total 14144K, used 971K [0x0000000680000000, 0x0000000680f50000, 0x00000006eaaa0000)
  eden space 12608K,   0% used [0x0000000680000000, 0x0000000680000000, 0x0000000680c50000)
  from space 1536K,  63% used [0x0000000680dd0000, 0x0000000680ec2c60, 0x0000000680f50000)
  to   space 1536K,   0% used [0x0000000680c50000, 0x0000000680c50000, 0x0000000680dd0000)
 tenured generation   total 31308K, used 23577K [0x00000006eaaa0000, 0x00000006ec933000, 0x00000007c0000000)
   the space 31308K,  75% used [0x00000006eaaa0000, 0x00000006ec1a6620, 0x00000006ec1a6800, 0x00000006ec933000)
 Metaspace       used 72114K, capacity 72768K, committed 72872K, reserved 1112064K
  class space    used 10705K, capacity 10885K, committed 10928K, reserved 1048576K
}
Event: 67.412 GC heap before
{Heap before GC invocations=201 (full 4):
 def new generation   total 14144K, used 13579K [0x0000000680000000, 0x0000000680f50000, 0x00000006eaaa0000)
  eden space 12608K, 100% used [0x0000000680000000, 0x0000000680c50000, 0x0000000680c50000)
  from space 1536K,  63% used [0x0000000680dd0000, 0x0000000680ec2c60, 0x0000000680f50000)
  to   space 1536K,   0% used [0x0000000680c50000, 0x0000000680c50000, 0x0000000680dd0000)
 tenured generation   total 31308K, used 23577K [0x00000006eaaa0000, 0x00000006ec933000, 0x00000007c0000000)
   the space 31308K,  75% used [0x00000006eaaa0000, 0x00000006ec1a6620, 0x00000006ec1a6800, 0x00000006ec933000)
 Metaspace       used 72167K, capacity 72838K, committed 73128K, reserved 1112064K
  class space    used 10716K, capacity 10886K, committed 10928K, reserved 1048576K
Event: 67.417 GC heap after
Heap after GC invocations=202 (full 4):
 def new generation   total 14144K, used 647K [0x0000000680000000, 0x0000000680f50000, 0x00000006eaaa0000)
  eden space 12608K,   0% used [0x0000000680000000, 0x0000000680000000, 0x0000000680c50000)
  from space 1536K,  42% used [0x0000000680c50000, 0x0000000680cf1d48, 0x0000000680dd0000)
  to   space 1536K,   0% used [0x0000000680dd0000, 0x0000000680dd0000, 0x0000000680f50000)
 tenured generation   total 31308K, used 23809K [0x00000006eaaa0000, 0x00000006ec933000, 0x00000007c0000000)
   the space 31308K,  76% used [0x00000006eaaa0000, 0x00000006ec1e05e0, 0x00000006ec1e0600, 0x00000006ec933000)
 Metaspace       used 72167K, capacity 72838K, committed 73128K, reserved 1112064K
  class space    used 10716K, capacity 10886K, committed 10928K, reserved 1048576K
}
Event: 67.687 GC heap before
{Heap before GC invocations=202 (full 4):
 def new generation   total 14144K, used 13255K [0x0000000680000000, 0x0000000680f50000, 0x00000006eaaa0000)
  eden space 12608K, 100% used [0x0000000680000000, 0x0000000680c50000, 0x0000000680c50000)
  from space 1536K,  42% used [0x0000000680c50000, 0x0000000680cf1d48, 0x0000000680dd0000)
  to   space 1536K,   0% used [0x0000000680dd0000, 0x0000000680dd0000, 0x0000000680f50000)
 tenured generation   total 31308K, used 23809K [0x00000006eaaa0000, 0x00000006ec933000, 0x00000007c0000000)
   the space 31308K,  76% used [0x00000006eaaa0000, 0x00000006ec1e05e0, 0x00000006ec1e0600, 0x00000006ec933000)
 Metaspace       used 72767K, capacity 73420K, committed 73512K, reserved 1112064K
  class space    used 10823K, capacity 11015K, committed 11056K, reserved 1048576K
Event: 67.693 GC heap after
Heap after GC invocations=203 (full 4):
 def new generation   total 14144K, used 1535K [0x0000000680000000, 0x0000000680f50000, 0x00000006eaaa0000)
  eden space 12608K,   0% used [0x0000000680000000, 0x0000000680000000, 0x0000000680c50000)
  from space 1536K,  99% used [0x0000000680dd0000, 0x0000000680f4ff38, 0x0000000680f50000)
  to   space 1536K,   0% used [0x0000000680c50000, 0x0000000680c50000, 0x0000000680dd0000)
 tenured generation   total 31308K, used 23854K [0x00000006eaaa0000, 0x00000006ec933000, 0x00000007c0000000)
   the space 31308K,  76% used [0x00000006eaaa0000, 0x00000006ec1eba78, 0x00000006ec1ebc00, 0x00000006ec933000)
 Metaspace       used 72767K, capacity 73420K, committed 73512K, reserved 1112064K
  class space    used 10823K, capacity 11015K, committed 11056K, reserved 1048576K
}
Event: 67.922 GC heap before
{Heap before GC invocations=203 (full 4):
 def new generation   total 14144K, used 14143K [0x0000000680000000, 0x0000000680f50000, 0x00000006eaaa0000)
  eden space 12608K, 100% used [0x0000000680000000, 0x0000000680c50000, 0x0000000680c50000)
  from space 1536K,  99% used [0x0000000680dd0000, 0x0000000680f4ff38, 0x0000000680f50000)
  to   space 1536K,   0% used [0x0000000680c50000, 0x0000000680c50000, 0x0000000680dd0000)
 tenured generation   total 31308K, used 23854K [0x00000006eaaa0000, 0x00000006ec933000, 0x00000007c0000000)
   the space 31308K,  76% used [0x00000006eaaa0000, 0x00000006ec1eba78, 0x00000006ec1ebc00, 0x00000006ec933000)
 Metaspace       used 73101K, capacity 73848K, committed 74152K, reserved 1112064K
  class space    used 10869K, capacity 11081K, committed 11184K, reserved 1048576K
Event: 67.932 GC heap after
Heap after GC invocations=204 (full 4):
 def new generation   total 14144K, used 860K [0x0000000680000000, 0x0000000680f50000, 0x00000006eaaa0000)
  eden space 12608K,   0% used [0x0000000680000000, 0x0000000680000000, 0x0000000680c50000)
  from space 1536K,  56% used [0x0000000680c50000, 0x0000000680d27338, 0x0000000680dd0000)
  to   space 1536K,   0% used [0x0000000680dd0000, 0x0000000680dd0000, 0x0000000680f50000)
 tenured generation   total 31308K, used 24872K [0x00000006eaaa0000, 0x00000006ec933000, 0x00000007c0000000)
   the space 31308K,  79% used [0x00000006eaaa0000, 0x00000006ec2ea0b0, 0x00000006ec2ea200, 0x00000006ec933000)
 Metaspace       used 73101K, capacity 73848K, committed 74152K, reserved 1112064K
  class space    used 10869K, capacity 11081K, committed 11184K, reserved 1048576K
}
Event: 69.557 GC heap before
{Heap before GC invocations=204 (full 4):
 def new generation   total 14144K, used 13468K [0x0000000680000000, 0x0000000680f50000, 0x00000006eaaa0000)
  eden space 12608K, 100% used [0x0000000680000000, 0x0000000680c50000, 0x0000000680c50000)
  from space 1536K,  56% used [0x0000000680c50000, 0x0000000680d27338, 0x0000000680dd0000)
  to   space 1536K,   0% used [0x0000000680dd0000, 0x0000000680dd0000, 0x0000000680f50000)
 tenured generation   total 31308K, used 24872K [0x00000006eaaa0000, 0x00000006ec933000, 0x00000007c0000000)
   the space 31308K,  79% used [0x00000006eaaa0000, 0x00000006ec2ea0b0, 0x00000006ec2ea200, 0x00000006ec933000)
 Metaspace       used 73770K, capacity 74492K, committed 74664K, reserved 1112064K
  class space    used 10947K, capacity 11145K, committed 11184K, reserved 1048576K
Event: 69.600 GC heap after
Heap after GC invocations=205 (full 4):
 def new generation   total 14144K, used 1089K [0x0000000680000000, 0x0000000680f50000, 0x00000006eaaa0000)
  eden space 12608K,   0% used [0x0000000680000000, 0x0000000680000000, 0x0000000680c50000)
  from space 1536K,  70% used [0x0000000680dd0000, 0x0000000680ee0788, 0x0000000680f50000)
  to   space 1536K,   0% used [0x0000000680c50000, 0x0000000680c50000, 0x0000000680dd0000)
 tenured generation   total 31308K, used 25535K [0x00000006eaaa0000, 0x00000006ec933000, 0x00000007c0000000)
   the space 31308K,  81% used [0x00000006eaaa0000, 0x00000006ec38fd20, 0x00000006ec38fe00, 0x00000006ec933000)
 Metaspace       used 73770K, capacity 74492K, committed 74664K, reserved 1112064K
  class space    used 10947K, capacity 11145K, committed 11184K, reserved 1048576K
}

